18:36:55.973 [Forwarding newSession on session null to remote] DEBUG io.netty.channel.DefaultChannelId - -Dio.netty.machineId: f4:96:34:ff:fe:fc:82:85 (auto-detected)
18:36:56.026 [AsyncHttpClient-1-2] DEBUG io.netty.buffer.AbstractByteBuf - -Dio.netty.buffer.checkAccessible: true
18:36:56.027 [AsyncHttpClient-1-2] DEBUG io.netty.buffer.AbstractByteBuf - -Dio.netty.buffer.checkBounds: true
18:36:56.027 [AsyncHttpClient-1-2] DEBUG io.netty.util.ResourceLeakDetectorFactory - Loaded default ResourceLeakDetector: io.netty.util.ResourceLeakDetector@ef36d5a
18:36:56.051 [AsyncHttpClient-1-2] DEBUG io.netty.util.Recycler - -Dio.netty.recycler.maxCapacityPerThread: 4096
18:36:56.051 [AsyncHttpClient-1-2] DEBUG io.netty.util.Recycler - -Dio.netty.recycler.maxSharedCapacityFactor: 2
18:36:56.051 [AsyncHttpClient-1-2] DEBUG io.netty.util.Recycler - -Dio.netty.recycler.linkCapacity: 16
18:36:56.051 [AsyncHttpClient-1-2] DEBUG io.netty.util.Recycler - -Dio.netty.recycler.ratio: 8
18:36:56.051 [AsyncHttpClient-1-2] DEBUG io.netty.util.Recycler - -Dio.netty.recycler.delayedQueue.ratio: 8
18:36:59.715 [AsyncHttpClient-1-2] DEBUG io.netty.handler.codec.compression.Brotli - brotli4j not in the classpath; Brotli support will be unavailable.
18:37:01.063 [main] DEBUG io.netty.util.internal.ThreadLocalRandom - -Dio.netty.initialSeedUniquifier: 0xa805de3170e28ebc
18:37:01.859 [main] INFO  testCases.HomePage - Driver is initialized
18:37:10.827 [main] INFO  testCases.HomePage - Entered Emailrestricteduser@qw.com
18:37:10.916 [main] INFO  testCases.HomePage - Entered Passwordpassword
18:37:14.317 [main] INFO  testCases.HomePage - Entered Emailnonrestricteduser@qw.com
18:37:14.428 [main] INFO  testCases.HomePage - Entered Passwordnewpassword
18:37:15.232 [main] INFO  testCases.HomePage - Driver is closed
18:37:20.205 [main] INFO  testCases.ValidateTitle - Driver is initialized
18:37:20.317 [main] INFO  testCases.ValidateTitle - Successfully validated text message
18:37:20.420 [main] INFO  testCases.ValidateTitle - Driver is closed
18:37:25.518 [main] INFO  testCases.ValidateNavigationBar - Driver is initialized
18:37:25.650 [main] INFO  testCases.ValidateNavigationBar - Navigation Bar is Displayed
18:37:25.745 [main] INFO  testCases.ValidateNavigationBar - Driver is closed
